<?xml version="1.0" encoding="UTF-8"?>
<testng-results ignored="0" total="5" passed="4" failed="1" skipped="0">
  <reporter-output>
  </reporter-output>
  <suite started-at="2021-10-31T12:46:11 IST" name="Leads" finished-at="2021-10-31T12:47:41 IST" duration-ms="89933">
    <groups>
    </groups>
    <test started-at="2021-10-31T12:46:11 IST" name="Operation" finished-at="2021-10-31T12:47:41 IST" duration-ms="89933">
      <class name="Week5.Day1.MergeLead">
        <test-method is-config="true" signature="precondition()[pri:0, instance:Week5.Day1.MergeLead@1a942c18]" started-at="2021-10-31T12:46:11 IST" name="precondition" finished-at="2021-10-31T12:46:22 IST" duration-ms="10657" status="PASS">
          <reporter-output>
          </reporter-output>
        </test-method> <!-- precondition -->
        <test-method signature="runMergeLead()[pri:0, instance:Week5.Day1.MergeLead@1a942c18]" started-at="2021-10-31T12:46:22 IST" name="runMergeLead" finished-at="2021-10-31T12:46:30 IST" duration-ms="8556" status="FAIL">
          <exception class="org.openqa.selenium.NoSuchElementException">
            <message>
              <![CDATA[no such element: Unable to locate element: {"method":"xpath","selector":"//div[@class='x-grid3-cell-inner x-grid3-col-partyId']/a"}
  (Session info: chrome=95.0.4638.54)
For documentation on this error, please visit: https://selenium.dev/exceptions/#no_such_element
Build info: version: '4.0.0-beta-4', revision: '29f46d02dd'
System info: host: 'DESKTOP-O802M1B', ip: '192.168.0.22', os.name: 'Windows 10', os.arch: 'amd64', os.version: '10.0', java.version: '16.0.1'
Driver info: org.openqa.selenium.chrome.ChromeDriver
Command: [a8c0966997aad236b18d0aa2fc1fd12f, findElement {using=xpath, value=//div[@class='x-grid3-cell-inner x-grid3-col-partyId']/a}]
Capabilities {acceptInsecureCerts: false, browserName: chrome, browserVersion: 95.0.4638.54, chrome: {chromedriverVersion: 95.0.4638.54 (d31a821ec901f..., userDataDir: C:\Users\DELL\AppData\Local...}, goog:chromeOptions: {debuggerAddress: localhost:61789}, javascriptEnabled: true, networkConnectionEnabled: false, pageLoadStrategy: normal, platform: WINDOWS, platformName: WINDOWS, proxy: Proxy(), se:cdp: ws://localhost:61789/devtoo..., se:cdpVersion: 95.0.4638.54, setWindowRect: true, strictFileInteractability: false, timeouts: {implicit: 0, pageLoad: 300000, script: 30000}, unhandledPromptBehavior: dismiss and notify, webauthn:extension:credBlob: true, webauthn:extension:largeBlob: true, webauthn:virtualAuthenticators: true}
Session ID: a8c0966997aad236b18d0aa2fc1fd12f]]>
            </message>
            <full-stacktrace>
              <![CDATA[org.openqa.selenium.NoSuchElementException: no such element: Unable to locate element: {"method":"xpath","selector":"//div[@class='x-grid3-cell-inner x-grid3-col-partyId']/a"}
  (Session info: chrome=95.0.4638.54)
For documentation on this error, please visit: https://selenium.dev/exceptions/#no_such_element
Build info: version: '4.0.0-beta-4', revision: '29f46d02dd'
System info: host: 'DESKTOP-O802M1B', ip: '192.168.0.22', os.name: 'Windows 10', os.arch: 'amd64', os.version: '10.0', java.version: '16.0.1'
Driver info: org.openqa.selenium.chrome.ChromeDriver
Command: [a8c0966997aad236b18d0aa2fc1fd12f, findElement {using=xpath, value=//div[@class='x-grid3-cell-inner x-grid3-col-partyId']/a}]
Capabilities {acceptInsecureCerts: false, browserName: chrome, browserVersion: 95.0.4638.54, chrome: {chromedriverVersion: 95.0.4638.54 (d31a821ec901f..., userDataDir: C:\Users\DELL\AppData\Local...}, goog:chromeOptions: {debuggerAddress: localhost:61789}, javascriptEnabled: true, networkConnectionEnabled: false, pageLoadStrategy: normal, platform: WINDOWS, platformName: WINDOWS, proxy: Proxy(), se:cdp: ws://localhost:61789/devtoo..., se:cdpVersion: 95.0.4638.54, setWindowRect: true, strictFileInteractability: false, timeouts: {implicit: 0, pageLoad: 300000, script: 30000}, unhandledPromptBehavior: dismiss and notify, webauthn:extension:credBlob: true, webauthn:extension:largeBlob: true, webauthn:virtualAuthenticators: true}
Session ID: a8c0966997aad236b18d0aa2fc1fd12f
at java.base/jdk.internal.reflect.NativeConstructorAccessorImpl.newInstance0(Native Method)
at java.base/jdk.internal.reflect.NativeConstructorAccessorImpl.newInstance(NativeConstructorAccessorImpl.java:78)
at java.base/jdk.internal.reflect.DelegatingConstructorAccessorImpl.newInstance(DelegatingConstructorAccessorImpl.java:45)
at java.base/java.lang.reflect.Constructor.newInstanceWithCaller(Constructor.java:499)
at java.base/java.lang.reflect.Constructor.newInstance(Constructor.java:480)
at org.openqa.selenium.remote.codec.w3c.W3CHttpResponseCodec.createException(W3CHttpResponseCodec.java:200)
at org.openqa.selenium.remote.codec.w3c.W3CHttpResponseCodec.decode(W3CHttpResponseCodec.java:133)
at org.openqa.selenium.remote.codec.w3c.W3CHttpResponseCodec.decode(W3CHttpResponseCodec.java:53)
at org.openqa.selenium.remote.HttpCommandExecutor.execute(HttpCommandExecutor.java:184)
at org.openqa.selenium.remote.service.DriverCommandExecutor.invokeExecute(DriverCommandExecutor.java:162)
at org.openqa.selenium.remote.service.DriverCommandExecutor.execute(DriverCommandExecutor.java:137)
at org.openqa.selenium.remote.RemoteWebDriver.execute(RemoteWebDriver.java:612)
at org.openqa.selenium.remote.RemoteWebDriver$Mechanism$2.findElement(RemoteWebDriver.java:1251)
at org.openqa.selenium.remote.RemoteWebDriver.findElement(RemoteWebDriver.java:379)
at org.openqa.selenium.remote.RemoteWebDriver.findElement(RemoteWebDriver.java:373)
at Week5.Day1.MergeLead.runMergeLead(MergeLead.java:26)
at java.base/jdk.internal.reflect.NativeMethodAccessorImpl.invoke0(Native Method)
at java.base/jdk.internal.reflect.NativeMethodAccessorImpl.invoke(NativeMethodAccessorImpl.java:78)
at java.base/jdk.internal.reflect.DelegatingMethodAccessorImpl.invoke(DelegatingMethodAccessorImpl.java:43)
at java.base/java.lang.reflect.Method.invoke(Method.java:567)
at org.testng.internal.MethodInvocationHelper.invokeMethod(MethodInvocationHelper.java:133)
at org.testng.internal.TestInvoker.invokeMethod(TestInvoker.java:598)
at org.testng.internal.TestInvoker.invokeTestMethod(TestInvoker.java:173)
at org.testng.internal.MethodRunner.runInSequence(MethodRunner.java:46)
at org.testng.internal.TestInvoker$MethodInvocationAgent.invoke(TestInvoker.java:824)
at org.testng.internal.TestInvoker.invokeTestMethods(TestInvoker.java:146)
at org.testng.internal.TestMethodWorker.invokeTestMethods(TestMethodWorker.java:146)
at org.testng.internal.TestMethodWorker.run(TestMethodWorker.java:128)
at java.base/java.util.ArrayList.forEach(ArrayList.java:1511)
at org.testng.TestRunner.privateRun(TestRunner.java:794)
at org.testng.TestRunner.run(TestRunner.java:596)
at org.testng.SuiteRunner.runTest(SuiteRunner.java:377)
at org.testng.SuiteRunner.runSequentially(SuiteRunner.java:371)
at org.testng.SuiteRunner.privateRun(SuiteRunner.java:332)
at org.testng.SuiteRunner.run(SuiteRunner.java:276)
at org.testng.SuiteRunnerWorker.runSuite(SuiteRunnerWorker.java:53)
at org.testng.SuiteRunnerWorker.run(SuiteRunnerWorker.java:96)
at org.testng.TestNG.runSuitesSequentially(TestNG.java:1212)
at org.testng.TestNG.runSuitesLocally(TestNG.java:1134)
at org.testng.TestNG.runSuites(TestNG.java:1063)
at org.testng.TestNG.run(TestNG.java:1031)
at org.testng.remote.AbstractRemoteTestNG.run(AbstractRemoteTestNG.java:115)
at org.testng.remote.RemoteTestNG.initAndRun(RemoteTestNG.java:251)
at org.testng.remote.RemoteTestNG.main(RemoteTestNG.java:77)
]]>
            </full-stacktrace>
          </exception> <!-- org.openqa.selenium.NoSuchElementException -->
          <reporter-output>
          </reporter-output>
        </test-method> <!-- runMergeLead -->
        <test-method is-config="true" signature="postcondition()[pri:0, instance:Week5.Day1.MergeLead@1a942c18]" started-at="2021-10-31T12:46:30 IST" name="postcondition" finished-at="2021-10-31T12:46:30 IST" duration-ms="97" status="PASS">
          <reporter-output>
          </reporter-output>
        </test-method> <!-- postcondition -->
      </class> <!-- Week5.Day1.MergeLead -->
      <class name="Week5.Day1.DuplicateLead">
        <test-method is-config="true" signature="precondition()[pri:0, instance:Week5.Day1.DuplicateLead@53045c6c]" started-at="2021-10-31T12:46:30 IST" name="precondition" finished-at="2021-10-31T12:46:41 IST" duration-ms="11099" status="PASS">
          <reporter-output>
          </reporter-output>
        </test-method> <!-- precondition -->
        <test-method signature="runDuplicate()[pri:0, instance:Week5.Day1.DuplicateLead@53045c6c]" started-at="2021-10-31T12:46:41 IST" name="runDuplicate" finished-at="2021-10-31T12:46:50 IST" duration-ms="8222" status="PASS">
          <reporter-output>
          </reporter-output>
        </test-method> <!-- runDuplicate -->
        <test-method is-config="true" signature="postcondition()[pri:0, instance:Week5.Day1.DuplicateLead@53045c6c]" started-at="2021-10-31T12:46:50 IST" name="postcondition" finished-at="2021-10-31T12:46:50 IST" duration-ms="231" status="PASS">
          <reporter-output>
          </reporter-output>
        </test-method> <!-- postcondition -->
      </class> <!-- Week5.Day1.DuplicateLead -->
      <class name="Week5.Day1.EditLead">
        <test-method is-config="true" signature="precondition()[pri:0, instance:Week5.Day1.EditLead@3a7442c7]" started-at="2021-10-31T12:47:22 IST" name="precondition" finished-at="2021-10-31T12:47:32 IST" duration-ms="10109" status="PASS">
          <reporter-output>
          </reporter-output>
        </test-method> <!-- precondition -->
        <test-method signature="runEditLead()[pri:0, instance:Week5.Day1.EditLead@3a7442c7]" started-at="2021-10-31T12:47:32 IST" name="runEditLead" finished-at="2021-10-31T12:47:41 IST" duration-ms="8572" status="PASS">
          <reporter-output>
          </reporter-output>
        </test-method> <!-- runEditLead -->
        <test-method is-config="true" signature="postcondition()[pri:0, instance:Week5.Day1.EditLead@3a7442c7]" started-at="2021-10-31T12:47:41 IST" name="postcondition" finished-at="2021-10-31T12:47:41 IST" duration-ms="215" status="PASS">
          <reporter-output>
          </reporter-output>
        </test-method> <!-- postcondition -->
      </class> <!-- Week5.Day1.EditLead -->
      <class name="Week5.Day1.CreateLead">
        <test-method is-config="true" signature="precondition()[pri:0, instance:Week5.Day1.CreateLead@5149d738]" started-at="2021-10-31T12:46:50 IST" name="precondition" finished-at="2021-10-31T12:46:59 IST" duration-ms="9041" status="PASS">
          <reporter-output>
          </reporter-output>
        </test-method> <!-- precondition -->
        <test-method signature="runCreateLead()[pri:0, instance:Week5.Day1.CreateLead@5149d738]" started-at="2021-10-31T12:46:59 IST" name="runCreateLead" finished-at="2021-10-31T12:47:04 IST" duration-ms="5434" status="PASS">
          <reporter-output>
          </reporter-output>
        </test-method> <!-- runCreateLead -->
        <test-method is-config="true" signature="postcondition()[pri:0, instance:Week5.Day1.CreateLead@5149d738]" started-at="2021-10-31T12:47:04 IST" name="postcondition" finished-at="2021-10-31T12:47:05 IST" duration-ms="269" status="PASS">
          <reporter-output>
          </reporter-output>
        </test-method> <!-- postcondition -->
      </class> <!-- Week5.Day1.CreateLead -->
      <class name="Week5.Day1.DeleteLead">
        <test-method is-config="true" signature="precondition()[pri:0, instance:Week5.Day1.DeleteLead@6bbe85a8]" started-at="2021-10-31T12:47:05 IST" name="precondition" finished-at="2021-10-31T12:47:14 IST" duration-ms="8984" status="PASS">
          <reporter-output>
          </reporter-output>
        </test-method> <!-- precondition -->
        <test-method signature="runDelete()[pri:0, instance:Week5.Day1.DeleteLead@6bbe85a8]" started-at="2021-10-31T12:47:14 IST" name="runDelete" finished-at="2021-10-31T12:47:22 IST" duration-ms="8070" status="PASS">
          <reporter-output>
          </reporter-output>
        </test-method> <!-- runDelete -->
        <test-method is-config="true" signature="postcondition()[pri:0, instance:Week5.Day1.DeleteLead@6bbe85a8]" started-at="2021-10-31T12:47:22 IST" name="postcondition" finished-at="2021-10-31T12:47:22 IST" duration-ms="260" status="PASS">
          <reporter-output>
          </reporter-output>
        </test-method> <!-- postcondition -->
      </class> <!-- Week5.Day1.DeleteLead -->
    </test> <!-- Operation -->
  </suite> <!-- Leads -->
</testng-results>
