<?xml version="1.0" encoding="UTF-8"?>
<!-- Generated by org.testng.reporters.JUnitXMLReporter -->
<testsuite ignored="0" hostname="DESKTOP-O802M1B" failures="1" tests="1" name="Incident" time="0.101" errors="0" timestamp="2021-11-03T18:00:45 IST">
  <testcase classname="Week5.Day2.CreateLead" name="runCreateLead" time="0.0">
    <failure type="org.testng.TestNGException" message="
Cannot inject @Test annotated Method [runCreateLead] with [class java.lang.String, class java.lang.String, class java.lang.String, class java.lang.String].
For more information on native dependency injection please refer to https://testng.org/doc/documentation-main.html#native-dependency-injection">
      <![CDATA[org.testng.TestNGException: 
Cannot inject @Test annotated Method [runCreateLead] with [class java.lang.String, class java.lang.String, class java.lang.String, class java.lang.String].
For more information on native dependency injection please refer to https://testng.org/doc/documentation-main.html#native-dependency-injection
at java.base/java.util.ArrayList.forEach(ArrayList.java:1511)
... Removed 26 stack frames]]>
    </failure>
  </testcase> <!-- runCreateLead -->
</testsuite> <!-- Incident -->
