<?xml version="1.0" encoding="UTF-8"?>
<!-- Generated by org.testng.reporters.JUnitXMLReporter -->
<testsuite ignored="0" hostname="DESKTOP-O802M1B" failures="0" tests="5" name="Test" time="76.569" errors="0" timestamp="2021-11-11T19:08:10 IST">
  <testcase classname="Week5.Day2.CreateLead" name="runCreateLead" time="3.742"/>
  <testcase classname="Week5.Day2.CreateLead" name="runCreateLead" time="4.069"/>
  <testcase classname="Week5.Day2.CreateLead" name="runCreateLead" time="4.063"/>
  <testcase classname="Week5.Day2.EditLead" name="runEditLead" time="8.079"/>
  <testcase classname="Week5.Day2.EditLead" name="runEditLead" time="8.53"/>
</testsuite> <!-- Test -->
