<?xml version="1.0" encoding="UTF-8"?>
<testng-results ignored="0" total="2" passed="2" failed="0" skipped="0">
  <reporter-output>
  </reporter-output>
  <suite started-at="2021-11-24T20:51:59 IST" name="Suite" finished-at="2021-11-24T20:52:30 IST" duration-ms="30805">
    <groups>
    </groups>
    <test started-at="2021-11-24T20:51:59 IST" name="Test" finished-at="2021-11-24T20:52:30 IST" duration-ms="30805">
      <class name="tc_parametrization.CreateLead">
        <test-method is-config="true" signature="preCondition(java.lang.String,java.lang.String,java.lang.String)[pri:0, instance:tc_parametrization.CreateLead@2a7f1f10]" started-at="2021-11-24T20:51:59 IST" name="preCondition" finished-at="2021-11-24T20:52:11 IST" duration-ms="11743" status="PASS">
          <params>
            <param index="0">
              <value>
                <![CDATA[http://leaftaps.com/opentaps/control/main]]>
              </value>
            </param>
            <param index="1">
              <value>
                <![CDATA[Demosalesmanager]]>
              </value>
            </param>
            <param index="2">
              <value>
                <![CDATA[crmsfa]]>
              </value>
            </param>
          </params>
          <reporter-output>
          </reporter-output>
        </test-method> <!-- preCondition -->
        <test-method signature="runCreateLead(java.lang.String,java.lang.String,java.lang.String,java.lang.String)[pri:0, instance:tc_parametrization.CreateLead@2a7f1f10]" started-at="2021-11-24T20:52:11 IST" name="runCreateLead" data-provider="sendData" finished-at="2021-11-24T20:52:16 IST" duration-ms="5050" status="PASS">
          <params>
            <param index="0">
              <value>
                <![CDATA[RR]]>
              </value>
            </param>
            <param index="1">
              <value>
                <![CDATA[Marudhu]]>
              </value>
            </param>
            <param index="2">
              <value>
                <![CDATA[R]]>
              </value>
            </param>
            <param index="3">
              <value>
                <![CDATA[98]]>
              </value>
            </param>
          </params>
          <reporter-output>
          </reporter-output>
        </test-method> <!-- runCreateLead -->
        <test-method is-config="true" signature="postCondition()[pri:0, instance:tc_parametrization.CreateLead@2a7f1f10]" started-at="2021-11-24T20:52:16 IST" name="postCondition" finished-at="2021-11-24T20:52:16 IST" duration-ms="343" status="PASS">
          <reporter-output>
          </reporter-output>
        </test-method> <!-- postCondition -->
        <test-method is-config="true" signature="preCondition(java.lang.String,java.lang.String,java.lang.String)[pri:0, instance:tc_parametrization.CreateLead@2a7f1f10]" started-at="2021-11-24T20:52:16 IST" name="preCondition" finished-at="2021-11-24T20:52:26 IST" duration-ms="9167" status="PASS">
          <params>
            <param index="0">
              <value>
                <![CDATA[http://leaftaps.com/opentaps/control/main]]>
              </value>
            </param>
            <param index="1">
              <value>
                <![CDATA[Demosalesmanager]]>
              </value>
            </param>
            <param index="2">
              <value>
                <![CDATA[crmsfa]]>
              </value>
            </param>
          </params>
          <reporter-output>
          </reporter-output>
        </test-method> <!-- preCondition -->
        <test-method signature="runCreateLead(java.lang.String,java.lang.String,java.lang.String,java.lang.String)[pri:0, instance:tc_parametrization.CreateLead@2a7f1f10]" started-at="2021-11-24T20:52:26 IST" name="runCreateLead" data-provider="sendData" finished-at="2021-11-24T20:52:30 IST" duration-ms="4028" status="PASS">
          <params>
            <param index="0">
              <value>
                <![CDATA[Atos]]>
              </value>
            </param>
            <param index="1">
              <value>
                <![CDATA[Ramya]]>
              </value>
            </param>
            <param index="2">
              <value>
                <![CDATA[R]]>
              </value>
            </param>
            <param index="3">
              <value>
                <![CDATA[981]]>
              </value>
            </param>
          </params>
          <reporter-output>
          </reporter-output>
        </test-method> <!-- runCreateLead -->
        <test-method is-config="true" signature="postCondition()[pri:0, instance:tc_parametrization.CreateLead@2a7f1f10]" started-at="2021-11-24T20:52:30 IST" name="postCondition" finished-at="2021-11-24T20:52:30 IST" duration-ms="378" status="PASS">
          <reporter-output>
          </reporter-output>
        </test-method> <!-- postCondition -->
      </class> <!-- tc_parametrization.CreateLead -->
    </test> <!-- Test -->
  </suite> <!-- Suite -->
</testng-results>
